[debug] [2021-05-20T15:58:38.863Z] ----------------------------------------------------------------------
[debug] [2021-05-20T15:58:38.868Z] Command:       C:\Program Files\nodejs\node.exe C:\Users\abc\AppData\Roaming\npm\node_modules\firebase-tools\lib\bin\firebase.js deploy
[debug] [2021-05-20T15:58:38.869Z] CLI Version:   9.11.0
[debug] [2021-05-20T15:58:38.869Z] Platform:      win32
[debug] [2021-05-20T15:58:38.869Z] Node Version:  v13.14.0
[debug] [2021-05-20T15:58:38.870Z] Time:          Thu May 20 2021 21:28:38 GMT+0530 (India Standard Time)
[debug] [2021-05-20T15:58:38.870Z] ----------------------------------------------------------------------
[debug] 
[debug] [2021-05-20T15:58:38.884Z] > command requires scopes: ["email","openid","https://www.googleapis.com/auth/cloudplatformprojects.readonly","https://www.googleapis.com/auth/firebase","https://www.googleapis.com/auth/cloud-platform"]
[debug] [2021-05-20T15:58:38.884Z] > authorizing via signed-in user (mahi.volunteer@gmail.com)
[debug] [2021-05-20T15:58:38.885Z] [iam] checking project netflix-clone-5e148 for permissions ["firebase.projects.get","firebasehosting.sites.update"]
[debug] [2021-05-20T15:58:38.889Z] > refreshing access token with scopes: ["email","https://www.googleapis.com/auth/cloud-platform","https://www.googleapis.com/auth/cloudplatformprojects.readonly","https://www.googleapis.com/auth/firebase","openid"]
[debug] [2021-05-20T15:58:38.889Z] >>> HTTP REQUEST POST https://www.googleapis.com/oauth2/v3/token  
 <request body omitted>
[debug] [2021-05-20T15:58:40.354Z] <<< HTTP RESPONSE 200 {"pragma":"no-cache","expires":"Mon, 01 Jan 1990 00:00:00 GMT","cache-control":"no-cache, no-store, max-age=0, must-revalidate","date":"Thu, 20 May 2021 15:58:30 GMT","content-type":"application/json; charset=utf-8","vary":"X-Origin, Referer, Origin,Accept-Encoding","server":"scaffolding on HTTPServer2","x-xss-protection":"0","x-frame-options":"SAMEORIGIN","x-content-type-options":"nosniff","alt-svc":"h3-29=\":443\"; ma=2592000,h3-T051=\":443\"; ma=2592000,h3-Q050=\":443\"; ma=2592000,h3-Q046=\":443\"; ma=2592000,h3-Q043=\":443\"; ma=2592000,quic=\":443\"; ma=2592000; v=\"46,43\"","accept-ranges":"none","transfer-encoding":"chunked"}
[debug] [2021-05-20T15:58:40.422Z] >>> HTTP REQUEST POST https://cloudresourcemanager.googleapis.com/v1/projects/netflix-clone-5e148:testIamPermissions  
 {"permissions":["firebase.projects.get","firebasehosting.sites.update"]}
[debug] [2021-05-20T15:58:43.539Z] <<< HTTP RESPONSE 200 {"content-type":"application/json; charset=UTF-8","vary":"X-Origin, Referer, Origin,Accept-Encoding","date":"Thu, 20 May 2021 15:58:33 GMT","server":"ESF","cache-control":"private","x-xss-protection":"0","x-frame-options":"SAMEORIGIN","x-content-type-options":"nosniff","server-timing":"gfet4t7; dur=1412","alt-svc":"h3-29=\":443\"; ma=2592000,h3-T051=\":443\"; ma=2592000,h3-Q050=\":443\"; ma=2592000,h3-Q046=\":443\"; ma=2592000,h3-Q043=\":443\"; ma=2592000,quic=\":443\"; ma=2592000; v=\"46,43\"","accept-ranges":"none","transfer-encoding":"chunked"}
[debug] [2021-05-20T15:58:43.542Z] > refreshing access token with scopes: []
[debug] [2021-05-20T15:58:43.542Z] >>> HTTP REQUEST POST https://www.googleapis.com/oauth2/v3/token  
 <request body omitted>
[debug] [2021-05-20T15:58:44.111Z] <<< HTTP RESPONSE 200 {"expires":"Mon, 01 Jan 1990 00:00:00 GMT","cache-control":"no-cache, no-store, max-age=0, must-revalidate","pragma":"no-cache","date":"Thu, 20 May 2021 15:58:34 GMT","content-type":"application/json; charset=utf-8","vary":"X-Origin, Referer, Origin,Accept-Encoding","server":"scaffolding on HTTPServer2","x-xss-protection":"0","x-frame-options":"SAMEORIGIN","x-content-type-options":"nosniff","alt-svc":"h3-29=\":443\"; ma=2592000,h3-T051=\":443\"; ma=2592000,h3-Q050=\":443\"; ma=2592000,h3-Q046=\":443\"; ma=2592000,h3-Q043=\":443\"; ma=2592000,quic=\":443\"; ma=2592000; v=\"46,43\"","accept-ranges":"none","transfer-encoding":"chunked"}
[debug] [2021-05-20T15:58:44.176Z] >>> [apiv2][query] GET https://firebase.googleapis.com/v1beta1/projects/netflix-clone-5e148 [none]
[debug] [2021-05-20T15:59:05.187Z] Failed to make request to https://firebase.googleapis.com/v1beta1/projects/netflix-clone-5e148
[debug] [2021-05-20T15:59:06.597Z] FirebaseError: Failed to make request to https://firebase.googleapis.com/v1beta1/projects/netflix-clone-5e148
    at Client.doRequest (C:\Users\abc\AppData\Roaming\npm\node_modules\firebase-tools\lib\apiv2.js:211:19)
    at processTicksAndRejections (internal/process/task_queues.js:97:5)
[error] 
[error] Error: Failed to get Firebase project netflix-clone-5e148. Please make sure the project exists and your account has permission to access it.
